SF:lib/core/theme_provider.dart
DA:15,1
DA:16,1
DA:17,1
DA:34,2
DA:35,2
DA:41,2
DA:44,0
DA:45,0
DA:46,0
DA:47,0
DA:48,0
DA:50,0
DA:52,0
DA:61,1
DA:62,2
DA:63,3
DA:64,2
DA:70,0
DA:71,0
DA:72,0
DA:75,1
DA:76,3
DA:77,3
DA:80,1
DA:81,2
DA:82,1
DA:83,1
DA:84,3
DA:86,2
DA:89,1
DA:91,1
DA:92,2
DA:95,1
DA:96,2
DA:98,1
DA:100,2
DA:107,0
DA:108,0
DA:109,0
DA:110,0
DA:111,0
DA:112,0
DA:113,0
DA:114,0
DA:115,0
DA:116,0
DA:117,0
DA:118,0
DA:123,0
DA:124,0
DA:125,0
DA:126,0
DA:127,0
DA:129,0
DA:130,0
DA:133,0
DA:134,0
DA:144,0
DA:145,0
DA:146,0
DA:147,0
DA:151,0
DA:152,0
DA:153,0
DA:157,0
DA:158,0
DA:168,0
DA:173,0
DA:175,0
DA:178,0
DA:179,0
DA:180,0
DA:181,0
DA:182,0
DA:187,0
DA:188,0
DA:190,0
DA:191,0
DA:198,0
DA:201,0
DA:202,0
DA:204,0
DA:205,0
DA:206,0
DA:208,0
DA:217,0
DA:218,0
DA:219,0
DA:223,0
DA:224,0
DA:225,0
DA:226,0
DA:228,0
DA:230,0
LF:94
LH:26
end_of_record
SF:lib/core/app_settings_service.dart
DA:8,0
DA:16,0
DA:17,0
DA:18,0
DA:19,0
DA:20,0
DA:25,0
DA:26,0
DA:30,0
DA:31,0
DA:32,0
DA:33,0
DA:37,0
DA:38,0
DA:39,0
DA:40,0
DA:44,0
DA:47,0
DA:48,0
DA:49,0
DA:50,0
DA:52,0
DA:55,0
DA:56,0
DA:57,0
DA:58,0
DA:60,0
LF:27
LH:0
end_of_record
SF:lib/core/sync_service.dart
DA:8,0
DA:9,0
DA:11,0
DA:16,0
DA:17,0
DA:18,0
DA:19,0
DA:23,0
DA:29,0
DA:30,0
DA:32,0
DA:39,0
DA:44,0
DA:47,0
DA:48,0
DA:49,0
DA:54,0
DA:55,0
DA:56,0
DA:57,0
DA:58,0
DA:59,0
DA:60,0
DA:62,0
DA:67,0
DA:68,0
DA:72,0
DA:73,0
DA:74,0
DA:75,0
DA:76,0
DA:77,0
DA:79,0
DA:80,0
DA:81,0
DA:84,0
DA:94,0
DA:102,0
DA:105,0
DA:106,0
DA:115,0
DA:116,0
DA:117,0
DA:118,0
DA:119,0
DA:120,0
DA:121,0
DA:123,0
DA:128,0
DA:129,0
DA:133,0
DA:134,0
DA:135,0
DA:136,0
DA:137,0
DA:138,0
DA:140,0
DA:141,0
DA:142,0
DA:145,0
DA:155,0
DA:156,0
DA:158,0
DA:159,0
DA:160,0
DA:161,0
DA:162,0
DA:163,0
DA:164,0
DA:168,0
DA:169,0
DA:171,0
DA:172,0
DA:173,0
DA:174,0
DA:175,0
DA:176,0
DA:177,0
LF:78
LH:0
end_of_record
SF:lib/core/unified_sync_manager.dart
DA:16,4
DA:17,2
DA:19,6
DA:52,0
DA:57,0
DA:58,0
DA:59,0
DA:60,0
DA:61,0
DA:62,0
DA:66,0
DA:72,0
DA:73,0
DA:74,0
DA:76,0
DA:84,0
DA:85,0
DA:87,0
DA:88,0
DA:94,2
DA:95,2
DA:98,0
DA:99,0
DA:100,0
DA:101,0
DA:103,0
DA:104,0
DA:107,0
DA:108,0
DA:111,0
DA:112,0
DA:115,0
DA:116,0
DA:119,0
DA:120,0
DA:123,0
DA:124,0
DA:143,0
DA:144,0
DA:146,0
DA:147,0
DA:153,0
DA:154,0
DA:156,0
DA:159,0
DA:180,0
DA:181,0
DA:184,0
DA:187,0
DA:189,0
DA:194,0
DA:195,0
DA:201,0
DA:204,0
DA:205,0
DA:206,0
DA:207,0
DA:208,0
DA:209,0
DA:242,0
DA:246,0
DA:247,0
DA:248,0
DA:249,0
DA:250,0
DA:251,0
DA:252,0
DA:259,0
DA:263,0
DA:264,0
DA:265,0
DA:266,0
DA:267,0
DA:269,0
DA:270,0
DA:276,0
DA:277,0
DA:278,0
DA:279,0
DA:280,0
DA:282,0
DA:287,0
DA:288,0
DA:289,0
DA:290,0
DA:296,0
DA:297,0
DA:298,0
DA:299,0
DA:305,0
DA:306,0
DA:307,0
DA:308,0
DA:309,0
DA:315,0
DA:323,0
DA:324,0
DA:325,0
DA:326,0
LF:99
LH:5
end_of_record
SF:lib/core/language_provider.dart
DA:7,1
DA:8,1
DA:13,2
DA:15,1
DA:16,1
DA:17,1
DA:20,2
DA:24,3
DA:25,3
DA:26,3
DA:28,0
DA:32,1
DA:35,1
DA:36,3
DA:37,2
DA:38,1
DA:39,1
DA:40,1
DA:42,2
DA:45,1
DA:46,1
DA:47,1
DA:48,1
DA:49,1
LF:24
LH:23
end_of_record
SF:lib/core/premium_service.dart
DA:7,0
DA:15,0
DA:18,0
DA:30,0
DA:32,0
DA:38,0
DA:39,0
DA:44,0
DA:46,0
DA:48,0
DA:51,0
DA:52,0
DA:57,0
DA:58,0
DA:59,0
DA:63,0
DA:64,0
DA:65,0
DA:66,0
LF:19
LH:0
end_of_record
SF:lib/data/models/news_article.dart
DA:11,9
DA:29,2
DA:31,6
DA:32,6
DA:33,2
DA:34,6
DA:36,0
DA:37,4
DA:38,16
DA:41,0
DA:42,0
DA:46,2
DA:47,2
DA:48,2
DA:49,2
DA:50,2
DA:52,4
DA:53,2
DA:57,0
DA:62,0
DA:63,0
DA:64,0
DA:65,0
DA:68,0
DA:69,0
DA:70,0
DA:72,0
DA:76,0
DA:77,0
DA:78,0
DA:80,0
DA:84,0
DA:86,0
DA:87,0
DA:89,0
DA:90,0
DA:92,0
DA:97,0
DA:98,0
DA:100,0
DA:102,0
DA:107,0
DA:108,0
DA:110,0
DA:112,0
DA:117,0
DA:119,0
DA:122,0
DA:123,0
DA:124,0
DA:125,0
DA:127,0
DA:131,0
DA:132,0
DA:133,0
DA:134,0
DA:135,0
DA:139,8
DA:140,4
DA:141,4
DA:142,4
DA:143,4
DA:144,4
DA:145,4
DA:146,4
DA:147,4
DA:148,8
DA:149,4
DA:150,4
DA:151,4
DA:152,4
DA:199,10
DA:200,5
DA:201,5
DA:202,5
DA:203,5
DA:204,5
DA:205,5
DA:206,5
DA:207,5
DA:208,10
DA:209,5
DA:210,5
DA:211,5
DA:212,5
DA:215,2
DA:216,2
DA:217,4
DA:220,2
DA:221,2
DA:222,2
DA:223,0
LF:92
LH:49
end_of_record
SF:lib/data/models/news_article.g.dart
DA:13,0
DA:15,0
DA:16,0
DA:17,0
DA:19,0
DA:20,0
DA:21,0
DA:22,0
DA:23,0
DA:24,0
DA:25,0
DA:26,0
DA:27,0
DA:28,0
DA:29,0
DA:30,0
DA:31,0
DA:32,0
DA:33,0
DA:34,0
DA:38,0
DA:41,0
DA:42,0
DA:43,0
DA:44,0
DA:45,0
DA:46,0
DA:47,0
DA:48,0
DA:49,0
DA:50,0
DA:51,0
DA:52,0
DA:53,0
DA:54,0
DA:55,0
DA:56,0
DA:57,0
DA:58,0
DA:59,0
DA:60,0
DA:61,0
DA:62,0
DA:63,0
DA:64,0
DA:65,0
DA:66,0
DA:67,0
DA:68,0
DA:69,0
DA:70,0
DA:71,0
DA:74,0
DA:75,0
DA:77,0
DA:80,0
DA:81,0
DA:82,0
LF:58
LH:0
end_of_record
SF:lib/data/models/notification_preferences.dart
DA:5,1
DA:13,1
DA:14,1
DA:15,1
DA:16,1
DA:17,1
DA:18,1
DA:20,1
DA:21,2
DA:22,1
DA:23,0
DA:33,1
DA:34,1
DA:35,1
DA:36,1
DA:37,1
DA:38,1
DA:39,1
DA:44,0
DA:45,0
DA:46,0
DA:47,0
DA:48,0
DA:49,0
DA:53,0
DA:54,0
DA:55,0
DA:56,0
DA:57,0
DA:58,0
DA:59,0
LF:31
LH:17
end_of_record
SF:lib/core/architecture/either.dart
DA:10,3
DA:13,6
DA:16,6
DA:19,3
DA:20,3
DA:21,6
DA:23,4
DA:28,0
DA:29,0
DA:33,0
DA:34,0
DA:38,0
DA:39,0
DA:43,0
DA:44,0
DA:48,0
DA:49,0
DA:53,0
DA:54,0
DA:60,2
DA:63,0
DA:66,0
DA:67,0
DA:68,0
DA:70,0
DA:71,0
DA:73,0
DA:74,0
DA:79,3
DA:82,0
DA:85,0
DA:86,0
DA:87,0
DA:89,0
DA:90,0
DA:92,0
DA:93,0
DA:99,0
DA:101,0
DA:105,0
DA:109,0
LF:41
LH:9
end_of_record
SF:lib/core/architecture/failure.dart
DA:10,2
DA:15,0
DA:18,0
DA:21,0
DA:23,0
DA:24,0
DA:33,2
DA:38,0
DA:42,0
DA:45,0
DA:51,0
DA:58,0
DA:65,0
DA:70,0
DA:80,0
DA:85,0
DA:91,0
DA:96,0
DA:102,0
DA:107,0
DA:117,1
DA:122,0
DA:129,0
DA:136,0
DA:138,0
DA:139,0
DA:147,0
DA:152,0
DA:154,0
DA:160,0
DA:162,0
DA:171,0
DA:178,0
DA:182,0
DA:185,0
DA:191,0
DA:196,0
DA:199,0
DA:205,0
DA:212,0
DA:216,0
DA:222,0
DA:227,0
DA:230,0
DA:236,0
DA:241,0
DA:245,0
DA:248,0
DA:258,1
DA:263,0
DA:269,0
DA:274,0
DA:281,0
DA:286,0
DA:292,0
DA:297,0
DA:308,0
DA:315,0
DA:317,0
DA:326,0
DA:333,0
DA:340,0
DA:345,0
DA:356,0
DA:361,0
DA:368,0
DA:373,0
DA:384,1
DA:391,0
DA:393,0
DA:394,0
DA:406,0
DA:411,0
DA:418,0
DA:423,0
LF:75
LH:5
end_of_record
SF:lib/core/architecture/use_case.dart
DA:50,1
DA:64,0
LF:2
LH:1
end_of_record
SF:lib/domain/entities/subscription.dart
DA:8,0
DA:10,0
DA:12,0
DA:14,0
DA:20,0
DA:28,1
DA:48,3
DA:51,1
DA:52,1
DA:53,3
DA:54,2
DA:58,0
DA:59,0
DA:64,1
DA:65,1
DA:66,1
DA:67,4
DA:70,0
DA:80,0
DA:81,0
DA:82,0
DA:83,0
DA:84,0
DA:85,0
DA:86,0
DA:87,0
DA:88,0
DA:92,0
DA:95,0
DA:96,0
DA:97,0
DA:99,0
DA:100,0
DA:102,0
DA:104,0
LF:35
LH:10
end_of_record
SF:lib/domain/use_cases/subscription/check_subscription_status_use_case.dart
DA:12,1
DA:15,1
DA:18,2
DA:20,4
DA:22,1
DA:23,2
DA:24,2
DA:29,1
LF:8
LH:8
end_of_record
SF:lib/domain/use_cases/news/bookmark_article_use_case.dart
DA:10,1
DA:13,1
DA:16,3
DA:25,1
DA:26,3
DA:28,3
DA:35,1
DA:42,0
DA:45,0
DA:46,0
DA:47,0
DA:48,0
DA:50,0
DA:51,0
DA:53,0
DA:55,0
LF:16
LH:7
end_of_record
SF:lib/domain/entities/news_article.dart
DA:6,1
DA:30,0
DA:42,0
DA:43,0
DA:44,0
DA:45,0
DA:46,0
DA:47,0
DA:48,0
DA:49,0
DA:50,0
DA:51,0
DA:52,0
DA:56,0
DA:59,0
DA:60,0
DA:61,0
DA:63,0
DA:64,0
DA:66,0
DA:67,0
LF:21
LH:1
end_of_record
SF:lib/domain/use_cases/news/fetch_news_feed_use_case.dart
DA:13,1
DA:16,1
DA:21,2
DA:29,4
DA:38,2
DA:39,1
DA:40,1
DA:41,1
DA:48,1
DA:57,0
DA:60,0
DA:61,0
DA:62,0
DA:63,0
DA:64,0
DA:66,0
DA:67,0
DA:69,0
DA:71,0
LF:19
LH:9
end_of_record
SF:lib/core/security/security_service.dart
DA:16,8
DA:17,4
DA:18,12
DA:41,2
DA:42,2
DA:45,2
DA:47,2
DA:48,4
DA:54,2
DA:56,2
DA:59,0
DA:60,0
DA:64,0
DA:66,0
DA:67,0
DA:71,2
DA:72,0
DA:73,0
DA:78,2
DA:79,2
DA:80,0
DA:81,2
DA:82,0
DA:87,0
DA:89,0
DA:103,0
DA:104,0
DA:111,0
DA:112,0
DA:118,0
DA:120,0
DA:130,0
DA:131,0
DA:138,0
DA:139,0
DA:140,0
DA:147,0
DA:150,0
DA:153,0
DA:157,2
DA:158,2
DA:160,0
DA:166,0
DA:167,0
DA:180,2
DA:182,4
DA:184,3
DA:189,2
DA:191,4
DA:193,3
DA:199,1
DA:201,2
DA:203,0
DA:208,0
DA:210,0
DA:212,0
DA:221,2
DA:223,4
DA:230,2
DA:232,4
DA:234,2
DA:239,0
DA:243,0
DA:251,0
DA:261,4
DA:262,4
DA:263,4
DA:264,4
DA:268,4
DA:269,4
DA:270,4
DA:271,4
DA:272,4
DA:273,4
DA:277,4
DA:278,4
DA:279,4
DA:290,0
DA:292,0
DA:293,0
DA:297,0
DA:301,0
DA:303,0
DA:304,0
DA:307,0
DA:315,0
DA:316,6
DA:317,6
DA:318,2
LF:89
LH:45
end_of_record
SF:lib/data/services/interstitial_ad_service.dart
DA:12,2
DA:13,1
DA:14,2
DA:15,1
DA:32,0
DA:33,0
DA:35,0
DA:43,0
DA:45,0
DA:48,0
DA:50,0
DA:51,0
DA:54,0
DA:57,0
DA:60,0
DA:61,0
DA:63,0
DA:65,0
DA:66,0
DA:67,0
DA:68,0
DA:70,0
DA:71,0
DA:72,0
DA:73,0
DA:76,0
DA:78,0
DA:80,0
DA:81,0
DA:82,0
DA:83,0
DA:89,0
DA:90,0
DA:92,0
DA:99,0
DA:101,0
DA:103,0
DA:104,0
DA:108,0
DA:111,0
DA:113,0
DA:115,0
DA:116,0
DA:117,0
DA:118,0
DA:121,0
DA:123,0
DA:125,0
DA:126,0
DA:127,0
DA:128,0
DA:132,0
DA:133,0
DA:134,0
DA:136,0
DA:137,0
DA:144,0
DA:146,0
DA:149,0
DA:152,0
DA:153,0
DA:154,0
DA:156,0
DA:158,0
DA:159,0
DA:170,0
DA:172,0
DA:174,0
DA:177,0
DA:181,0
DA:182,0
DA:187,0
DA:188,0
DA:190,0
DA:193,0
DA:194,0
DA:200,0
DA:203,0
DA:204,0
DA:208,0
DA:209,0
DA:213,0
DA:214,0
DA:215,0
DA:216,0
DA:217,0
DA:221,0
DA:222,0
LF:88
LH:4
end_of_record
SF:lib/core/network_quality_manager.dart
DA:6,4
DA:7,4
DA:10,4
DA:14,8
DA:15,4
DA:18,2
DA:21,0
DA:22,0
DA:26,0
DA:27,0
DA:31,4
DA:32,4
DA:33,4
DA:35,4
DA:37,0
DA:39,0
DA:41,0
DA:47,4
DA:48,4
DA:49,4
DA:51,4
DA:53,0
DA:55,0
DA:57,0
DA:63,1
DA:68,1
DA:69,1
DA:71,1
DA:73,0
DA:75,0
DA:77,0
DA:83,1
DA:87,0
DA:91,1
DA:92,1
DA:93,1
DA:95,1
DA:97,0
DA:99,0
DA:101,0
DA:107,1
DA:108,1
DA:109,1
DA:111,1
DA:113,0
DA:115,0
DA:117,0
DA:123,1
DA:124,2
DA:125,2
DA:129,0
DA:130,0
LF:52
LH:30
end_of_record
SF:lib/data/services/rss_service.dart
DA:14,2
DA:15,0
DA:98,2
DA:107,4
DA:108,4
DA:110,3
DA:112,2
DA:115,2
DA:116,2
DA:117,2
DA:118,2
DA:122,4
DA:123,2
DA:127,0
DA:134,10
DA:137,2
DA:138,4
DA:144,2
DA:151,6
DA:156,4
DA:159,2
DA:161,4
DA:162,2
DA:163,2
DA:164,2
DA:171,2
DA:174,4
DA:176,8
DA:178,2
DA:182,4
DA:184,6
DA:188,4
DA:189,2
DA:191,6
DA:192,0
DA:195,2
DA:196,2
DA:197,2
DA:198,1
DA:200,3
DA:201,2
DA:202,5
DA:205,1
DA:208,2
DA:211,6
DA:213,2
DA:218,2
DA:222,2
DA:224,2
DA:225,2
DA:226,2
DA:227,10
DA:229,2
DA:230,0
DA:232,8
DA:238,2
DA:240,1
DA:242,0
DA:243,0
DA:244,0
DA:245,0
DA:247,0
DA:248,0
DA:250,0
DA:256,3
DA:257,2
DA:258,5
DA:260,2
DA:261,5
DA:264,1
LF:70
LH:59
end_of_record
SF:lib/core/security/ssl_pinning.dart
DA:13,0
DA:19,0
DA:21,0
DA:26,0
DA:29,0
DA:35,0
DA:37,0
DA:38,0
DA:39,0
DA:41,0
DA:43,0
DA:47,0
DA:49,0
DA:54,0
DA:55,0
DA:58,0
DA:66,0
DA:79,0
DA:86,0
DA:87,0
LF:20
LH:0
end_of_record
SF:lib/core/services/app_network_service.dart
DA:26,4
DA:27,2
DA:28,6
DA:45,0
DA:46,0
DA:49,0
DA:50,0
DA:51,0
DA:53,0
DA:55,0
DA:57,0
DA:59,0
DA:69,0
DA:70,0
DA:73,0
DA:74,0
DA:78,0
DA:79,0
DA:80,0
DA:85,0
DA:86,0
DA:87,0
DA:91,0
DA:92,0
DA:93,0
DA:96,0
DA:99,0
DA:100,0
DA:101,0
DA:102,0
DA:103,0
DA:104,0
DA:106,0
DA:108,0
DA:112,0
DA:113,0
DA:116,0
DA:117,0
DA:118,0
DA:128,0
DA:129,0
DA:133,0
DA:134,0
DA:138,0
DA:139,0
DA:140,0
DA:149,2
DA:150,2
DA:151,2
DA:153,2
DA:155,0
DA:157,0
DA:159,0
DA:165,0
DA:170,0
DA:171,0
DA:173,0
DA:175,0
DA:177,0
DA:178,0
DA:184,0
DA:185,0
DA:186,0
DA:188,0
DA:190,0
DA:192,0
DA:193,0
DA:199,0
DA:201,0
DA:206,0
DA:207,0
DA:208,0
DA:209,0
DA:211,0
DA:213,0
DA:214,0
DA:220,0
DA:221,0
DA:229,0
DA:230,0
DA:231,0
DA:234,0
LF:82
LH:7
end_of_record
SF:lib/core/utils/retry_helper.dart
DA:10,0
DA:17,5
DA:26,5
DA:28,3
DA:31,4
DA:33,1
DA:34,9
DA:39,2
DA:41,2
DA:42,2
DA:46,1
DA:53,1
DA:54,3
DA:58,3
DA:60,3
DA:61,3
DA:62,3
DA:65,3
DA:66,0
DA:67,0
LF:20
LH:17
end_of_record
SF:lib/features/news_detail/news_detail_screen.dart
DA:16,1
DA:19,1
DA:20,1
DA:28,1
DA:30,1
DA:33,0
DA:34,0
DA:38,0
DA:67,0
DA:69,0
DA:74,0
DA:77,1
DA:79,3
DA:80,1
DA:83,3
DA:84,8
DA:87,8
DA:90,3
DA:92,1
DA:94,2
DA:96,1
DA:97,4
DA:99,1
DA:100,2
DA:101,1
DA:103,0
DA:108,1
DA:109,1
DA:111,2
DA:113,0
DA:114,0
DA:119,0
DA:120,0
DA:124,0
DA:125,0
DA:126,0
DA:127,0
DA:132,0
DA:133,0
DA:134,0
DA:135,0
DA:139,0
DA:140,0
DA:141,0
DA:144,0
DA:150,2
DA:151,2
DA:155,1
DA:156,0
DA:157,0
DA:160,0
DA:161,0
DA:165,0
DA:166,0
DA:167,0
DA:171,0
DA:175,0
DA:177,0
DA:178,0
DA:179,0
DA:180,0
DA:193,1
DA:194,1
LF:63
LH:27
end_of_record
SF:lib/presentation/providers/saved_articles_provider.dart
DA:6,2
DA:7,1
DA:8,0
DA:13,1
DA:22,1
DA:27,1
DA:28,1
DA:29,0
DA:30,1
DA:37,1
DA:38,0
DA:39,2
DA:40,1
DA:45,1
DA:46,2
DA:47,1
DA:51,1
DA:52,3
DA:54,2
DA:55,3
DA:57,0
DA:62,0
DA:63,0
DA:65,0
DA:67,0
DA:69,0
DA:72,0
DA:78,0
DA:79,0
DA:81,0
DA:83,0
DA:85,0
DA:88,0
DA:94,0
DA:95,0
DA:96,0
DA:98,0
DA:103,0
DA:104,0
DA:108,0
DA:109,0
DA:113,0
DA:116,0
DA:119,0
DA:120,0
DA:121,0
LF:46
LH:17
end_of_record
SF:lib/core/services/saved_articles_service.dart
DA:8,0
DA:9,0
DA:10,0
DA:19,0
DA:20,0
DA:23,0
DA:24,0
DA:26,0
DA:28,0
DA:30,0
DA:35,0
DA:37,0
DA:38,0
DA:39,0
DA:44,0
DA:45,0
DA:47,0
DA:50,0
DA:51,0
DA:55,0
DA:56,0
DA:57,0
DA:58,0
DA:60,0
DA:61,0
DA:63,0
DA:68,0
DA:69,0
DA:70,0
DA:71,0
DA:72,0
DA:73,0
DA:74,0
DA:75,0
DA:76,0
DA:77,0
DA:78,0
DA:79,0
DA:81,0
DA:85,0
DA:86,0
DA:89,0
DA:95,0
DA:97,0
DA:98,0
DA:100,0
DA:101,0
DA:102,0
DA:107,0
DA:113,0
DA:115,0
DA:116,0
DA:117,0
DA:120,0
DA:123,0
DA:124,0
DA:125,0
DA:126,0
DA:127,0
DA:132,0
DA:133,0
DA:138,0
DA:140,0
DA:141,0
DA:143,0
DA:149,0
DA:151,0
DA:152,0
DA:154,0
DA:160,0
DA:162,0
DA:163,0
DA:170,0
DA:173,0
DA:175,0
DA:176,0
DA:179,0
DA:180,0
DA:181,0
DA:183,0
DA:188,0
DA:190,0
DA:191,0
DA:192,0
DA:193,0
DA:196,0
DA:201,0
DA:203,0
DA:206,0
DA:207,0
DA:208,0
DA:209,0
DA:213,0
DA:214,0
LF:94
LH:0
end_of_record
SF:lib/l10n/app_localizations.dart
DA:65,1
DA:66,2
DA:70,0
DA:71,0
DA:1538,2
DA:1540,1
DA:1542,2
DA:1545,1
DA:1547,3
DA:1549,0
DA:1553,1
DA:1555,1
DA:1556,1
DA:1557,0
DA:1558,1
DA:1559,1
DA:1562,0
LF:17
LH:12
end_of_record
SF:lib/presentation/providers/subscription_providers.dart
DA:13,2
DA:22,0
DA:27,0
DA:28,0
DA:29,0
DA:30,0
DA:35,0
DA:36,0
DA:39,0
DA:44,0
DA:45,0
DA:47,0
DA:51,0
DA:52,0
DA:53,0
DA:54,0
DA:58,0
DA:59,0
DA:62,0
DA:63,0
DA:64,0
DA:67,0
DA:68,0
DA:69,0
DA:72,0
DA:74,0
DA:75,0
DA:81,0
DA:83,0
DA:87,0
DA:98,0
DA:100,0
DA:102,0
DA:106,0
DA:107,0
DA:111,0
DA:112,0
DA:117,0
DA:119,0
DA:137,0
DA:138,0
DA:139,0
LF:42
LH:1
end_of_record
SF:lib/presentation/providers/app_settings_providers.dart
DA:20,2
DA:24,0
DA:25,0
DA:26,0
DA:27,0
DA:37,0
DA:38,0
DA:39,0
DA:44,0
DA:45,0
DA:46,0
DA:47,0
DA:51,0
DA:52,0
DA:56,0
DA:57,0
DA:59,0
DA:60,0
DA:61,0
DA:62,0
DA:66,0
DA:67,0
DA:68,0
DA:69,0
DA:74,0
DA:82,0
DA:83,0
DA:84,0
DA:85,0
DA:89,0
DA:90,0
DA:91,0
DA:92,0
DA:96,0
DA:97,0
DA:106,0
DA:107,0
DA:108,0
DA:109,0
DA:113,0
DA:114,0
DA:118,0
DA:119,0
LF:43
LH:1
end_of_record
SF:lib/core/services/article_scraper_service.dart
DA:8,0
DA:9,0
DA:10,0
DA:14,0
DA:16,0
DA:20,0
DA:21,0
DA:22,0
DA:26,0
DA:28,0
DA:29,0
DA:34,0
DA:37,0
DA:39,0
DA:40,0
DA:45,0
DA:46,0
DA:49,0
DA:55,0
DA:57,0
DA:59,0
DA:60,0
DA:64,0
DA:76,0
DA:77,0
DA:78,0
DA:79,0
DA:80,0
DA:85,0
DA:89,0
DA:90,0
DA:91,0
DA:92,0
DA:97,0
DA:98,0
DA:99,0
DA:102,0
DA:107,0
DA:108,0
DA:111,0
DA:121,0
DA:122,0
DA:126,0
DA:127,0
DA:128,0
DA:130,0
DA:131,0
DA:132,0
DA:133,0
DA:137,0
DA:138,0
DA:142,0
DA:146,0
DA:148,0
DA:149,0
LF:55
LH:0
end_of_record
SF:lib/core/services/favorites_providers.dart
DA:16,0
DA:17,0
DA:19,0
DA:29,0
DA:30,0
DA:34,0
DA:35,0
DA:39,0
DA:40,0
DA:44,0
DA:45,0
DA:46,0
DA:47,0
DA:48,0
DA:52,0
DA:53,0
DA:55,0
DA:56,0
DA:57,0
DA:62,0
DA:63,0
DA:65,0
DA:66,0
DA:67,0
DA:72,0
DA:73,0
DA:75,0
DA:76,0
DA:77,0
LF:29
LH:0
end_of_record
SF:lib/core/services/favorites_service.dart
DA:24,2
DA:33,0
DA:38,0
DA:39,0
DA:40,0
DA:41,0
DA:45,0
DA:48,0
DA:49,0
DA:50,0
DA:51,0
DA:54,0
DA:55,0
DA:64,0
DA:65,0
DA:66,0
DA:68,0
DA:82,0
DA:83,0
DA:85,0
DA:87,0
DA:91,0
DA:92,0
DA:96,0
DA:97,0
DA:101,0
DA:102,0
DA:104,0
DA:111,0
DA:112,0
DA:122,0
DA:123,0
DA:127,0
DA:128,0
DA:129,0
DA:132,0
DA:133,0
DA:134,0
DA:135,0
DA:136,0
DA:137,0
DA:144,0
DA:145,0
DA:146,0
DA:147,0
DA:148,0
DA:149,0
DA:150,0
DA:157,0
DA:158,0
DA:159,0
DA:160,0
DA:161,0
DA:162,0
DA:163,0
DA:170,0
DA:175,0
DA:177,0
DA:180,0
DA:185,0
DA:186,0
DA:187,0
DA:188,0
DA:189,0
DA:193,0
DA:194,0
DA:195,0
DA:196,0
DA:203,0
DA:204,0
DA:205,0
DA:208,0
DA:210,0
DA:213,0
DA:214,0
DA:215,0
DA:218,0
DA:219,0
DA:224,0
DA:225,0
DA:226,0
DA:229,0
DA:230,0
DA:233,0
DA:234,0
DA:236,0
DA:244,0
DA:245,0
DA:246,0
DA:247,0
DA:250,0
DA:252,0
DA:255,0
DA:256,0
DA:257,0
DA:260,0
DA:261,0
DA:266,0
DA:267,0
DA:270,0
DA:271,0
DA:273,0
DA:281,0
DA:282,0
DA:283,0
DA:284,0
DA:287,0
DA:289,0
DA:292,0
DA:293,0
DA:294,0
DA:297,0
DA:298,0
DA:303,0
DA:304,0
DA:307,0
DA:308,0
DA:310,0
LF:118
LH:1
end_of_record
SF:lib/core/services/theme_providers.dart
DA:9,4
DA:10,1
DA:14,3
DA:15,0
DA:19,0
DA:20,0
DA:25,0
DA:26,0
DA:29,0
DA:30,0
DA:31,0
DA:36,0
DA:38,0
DA:39,0
DA:47,0
DA:48,0
DA:52,0
DA:53,0
DA:57,0
DA:58,0
DA:60,0
DA:61,0
DA:62,0
DA:63,0
DA:64,0
DA:65,0
DA:66,0
DA:67,0
DA:68,0
DA:69,0
DA:74,0
DA:75,0
DA:77,0
DA:78,0
DA:79,0
DA:80,0
DA:84,0
DA:85,0
DA:86,0
DA:90,0
DA:91,0
DA:99,0
DA:100,0
DA:102,0
DA:103,0
DA:104,0
DA:105,0
DA:106,0
DA:107,0
DA:108,0
DA:110,0
DA:111,0
DA:117,2
DA:126,0
DA:127,0
DA:128,0
DA:130,0
DA:131,0
DA:132,0
DA:134,0
DA:139,0
DA:144,0
DA:145,0
DA:146,0
DA:147,0
DA:154,0
DA:155,0
DA:156,0
DA:160,0
DA:161,0
DA:162,0
DA:163,0
DA:164,0
DA:166,0
DA:167,0
DA:169,0
DA:176,0
DA:177,0
DA:178,0
DA:181,0
DA:182,0
DA:183,0
DA:186,0
DA:187,0
DA:188,0
LF:85
LH:4
end_of_record
SF:lib/core/theme.dart
DA:7,0
DA:23,0
DA:28,0
DA:29,0
DA:30,0
DA:31,0
DA:32,0
DA:33,0
DA:34,0
DA:38,0
DA:39,0
DA:40,0
DA:49,0
DA:54,0
DA:55,0
DA:56,0
DA:57,0
DA:61,0
DA:62,0
DA:63,0
DA:66,0
DA:67,0
DA:68,0
DA:79,0
DA:84,0
DA:85,0
DA:87,0
DA:91,0
DA:92,0
DA:93,0
DA:96,0
DA:100,0
DA:104,0
DA:120,0
DA:121,0
DA:122,0
DA:125,0
DA:128,0
DA:131,0
DA:134,0
DA:136,0
DA:139,0
DA:140,0
DA:142,0
DA:149,0
DA:156,0
DA:160,0
DA:163,0
DA:170,0
DA:177,0
DA:180,0
DA:185,0
DA:186,0
DA:189,0
DA:192,0
DA:195,0
DA:198,0
DA:200,0
DA:203,0
DA:206,0
DA:208,0
DA:215,0
DA:222,0
DA:226,0
DA:229,0
DA:236,0
DA:243,0
DA:246,0
DA:251,0
DA:252,0
DA:254,0
DA:257,0
DA:260,0
DA:263,0
DA:264,0
DA:266,0
DA:269,0
DA:270,0
DA:273,0
DA:279,0
DA:287,0
DA:294,0
DA:299,0
DA:303,0
DA:309,0
DA:312,0
DA:321,0
DA:322,0
DA:332,0
DA:341,0
DA:343,0
DA:349,0
DA:358,0
DA:359,0
DA:365,0
DA:378,0
DA:381,0
DA:382,0
DA:383,0
DA:384,0
DA:385,0
DA:391,0
DA:397,0
DA:398,0
DA:399,0
DA:400,0
DA:423,0
DA:427,0
DA:429,0
DA:430,0
DA:431,0
DA:432,0
DA:433,0
DA:435,0
DA:436,0
DA:440,0
DA:441,0
DA:442,0
DA:446,0
DA:447,0
DA:448,0
DA:451,0
DA:452,0
DA:453,0
DA:454,0
DA:457,0
DA:460,0
DA:467,0
DA:471,0
DA:472,0
DA:473,0
DA:474,0
DA:475,0
DA:479,0
DA:480,0
DA:481,0
DA:483,0
DA:484,0
DA:488,0
DA:489,0
DA:490,0
DA:491,0
DA:495,0
DA:497,0
DA:498,0
DA:500,0
DA:503,0
DA:509,0
DA:513,0
DA:514,0
DA:515,0
DA:516,0
DA:517,0
DA:521,0
DA:522,0
DA:523,0
DA:525,0
DA:526,0
DA:530,0
DA:531,0
DA:533,0
DA:536,0
DA:542,0
DA:546,0
DA:547,0
DA:549,0
DA:550,0
DA:551,0
DA:555,0
DA:556,0
DA:557,0
DA:560,0
DA:561,0
DA:562,0
DA:563,0
DA:564,0
DA:569,0
DA:570,0
DA:571,0
DA:572,0
DA:575,0
DA:577,0
DA:633,0
DA:635,0
DA:639,0
DA:641,0
DA:645,0
DA:650,0
DA:652,0
DA:653,0
DA:655,0
DA:660,0
DA:663,0
DA:670,0
DA:671,0
LF:195
LH:0
end_of_record
SF:lib/core/utils/number_localization.dart
DA:7,0
DA:8,0
DA:9,0
DA:16,0
DA:17,0
DA:18,0
DA:26,0
LF:7
LH:0
end_of_record
SF:lib/data/repositories/subscription_repository_impl.dart
DA:15,0
DA:19,0
DA:36,0
DA:40,0
DA:42,0
DA:46,0
DA:50,0
DA:55,0
DA:56,0
DA:57,0
DA:59,0
DA:60,0
DA:64,0
DA:67,0
DA:69,0
DA:70,0
DA:71,0
DA:74,0
DA:75,0
DA:79,0
DA:85,0
DA:87,0
DA:91,0
DA:93,0
DA:94,0
DA:99,0
DA:100,0
DA:103,0
DA:104,0
DA:107,0
DA:110,0
DA:113,0
DA:118,0
DA:119,0
DA:120,0
DA:122,0
DA:123,0
DA:127,0
DA:134,0
DA:135,0
DA:137,0
DA:139,0
DA:140,0
DA:144,0
DA:148,0
DA:150,0
DA:154,0
DA:158,0
DA:159,0
DA:160,0
DA:162,0
DA:163,0
DA:167,0
DA:172,0
DA:173,0
DA:174,0
DA:180,0
DA:189,0
DA:191,0
DA:192,0
DA:196,0
DA:201,0
DA:204,0
DA:208,0
DA:211,0
DA:212,0
DA:213,0
DA:215,0
DA:216,0
DA:221,0
DA:226,0
DA:228,0
DA:232,0
DA:235,0
DA:236,0
DA:237,0
DA:238,0
DA:241,0
DA:242,0
DA:246,0
DA:247,0
DA:248,0
DA:250,0
DA:251,0
DA:256,0
DA:258,0
DA:259,0
DA:260,0
DA:261,0
DA:264,0
DA:265,0
DA:267,0
DA:269,0
DA:273,0
DA:276,0
DA:278,0
DA:279,0
DA:284,0
DA:285,0
DA:290,0
DA:291,0
DA:296,0
DA:297,0
DA:298,0
DA:302,0
DA:303,0
DA:308,0
DA:309,0
DA:310,0
DA:312,0
DA:313,0
DA:321,0
DA:323,0
DA:325,0
DA:327,0
DA:333,0
DA:335,0
DA:336,0
DA:338,0
DA:346,0
DA:348,0
DA:349,0
DA:350,0
DA:351,0
DA:357,0
DA:358,0
DA:371,0
DA:372,0
LF:128
LH:0
end_of_record
SF:lib/data/services/payment_service.dart
DA:14,0
DA:15,0
DA:16,0
DA:23,0
DA:26,0
DA:28,0
DA:31,0
DA:33,0
DA:38,0
DA:42,0
DA:44,0
DA:46,0
DA:50,0
DA:51,0
DA:52,0
DA:53,0
DA:59,0
DA:61,0
DA:63,0
DA:68,0
DA:70,0
DA:71,0
DA:74,0
DA:76,0
DA:81,0
DA:83,0
DA:86,0
DA:88,0
DA:89,0
DA:97,0
DA:99,0
DA:102,0
DA:104,0
DA:105,0
DA:115,0
DA:117,0
DA:119,0
DA:124,0
DA:126,0
DA:133,0
DA:135,0
DA:140,0
DA:141,0
DA:142,0
DA:144,0
DA:145,0
DA:148,0
DA:149,0
DA:153,0
DA:155,0
DA:160,0
DA:162,0
DA:165,0
DA:166,0
DA:168,0
DA:172,0
DA:173,0
DA:175,0
DA:179,0
DA:181,0
DA:186,0
DA:190,0
DA:191,0
DA:195,0
DA:196,0
DA:197,0
DA:201,0
DA:203,0
DA:205,0
DA:207,0
DA:209,0
DA:211,0
DA:217,0
DA:223,0
DA:224,0
DA:225,0
DA:226,0
DA:228,0
DA:229,0
DA:231,0
DA:232,0
DA:234,0
DA:235,0
DA:238,0
LF:84
LH:0
end_of_record
SF:lib/widgets/app_drawer.dart
DA:18,2
DA:25,2
DA:38,0
DA:40,0
DA:42,0
DA:43,0
DA:45,0
DA:46,0
DA:49,0
DA:54,0
DA:56,0
DA:60,0
DA:65,0
DA:66,0
DA:70,0
DA:71,0
DA:72,0
DA:77,0
DA:78,0
DA:86,0
DA:87,0
DA:90,0
DA:92,0
DA:93,0
DA:95,0
DA:98,0
DA:99,0
DA:100,0
DA:101,0
DA:107,0
DA:109,0
DA:118,0
DA:124,0
DA:127,0
DA:129,0
DA:130,0
DA:131,0
DA:132,0
DA:133,0
DA:139,0
DA:140,0
DA:142,0
DA:143,0
DA:144,0
DA:148,0
DA:149,0
DA:154,0
DA:155,0
DA:156,0
DA:158,0
DA:160,0
DA:162,0
DA:163,0
DA:173,0
DA:175,0
DA:177,0
DA:178,0
DA:179,0
DA:181,0
DA:189,0
DA:191,0
DA:192,0
DA:193,0
DA:194,0
DA:195,0
DA:196,0
DA:197,0
DA:198,0
DA:199,0
DA:200,0
DA:201,0
DA:202,0
DA:203,0
DA:204,0
DA:205,0
DA:206,0
DA:218,2
DA:219,0
DA:221,0
DA:223,0
DA:224,0
DA:225,0
DA:226,0
DA:229,0
DA:231,0
DA:232,0
DA:233,0
DA:234,0
DA:235,0
DA:239,0
DA:240,0
DA:241,0
DA:242,0
DA:244,0
DA:246,0
DA:247,0
DA:248,0
DA:249,0
DA:250,0
DA:255,0
DA:257,0
DA:259,0
DA:261,0
DA:262,0
DA:265,0
DA:267,0
DA:268,0
DA:269,0
DA:270,0
DA:276,0
DA:278,0
DA:279,0
DA:280,0
DA:281,0
DA:285,0
DA:288,0
DA:290,0
DA:293,0
DA:311,0
DA:314,0
DA:315,0
DA:316,0
DA:321,0
DA:324,0
DA:326,0
DA:332,0
DA:334,0
DA:339,0
DA:340,0
DA:341,0
DA:342,0
DA:343,0
DA:364,0
DA:369,0
DA:371,0
DA:372,0
DA:373,0
DA:374,0
DA:376,0
DA:378,0
DA:379,0
DA:382,0
DA:384,0
DA:386,0
DA:389,0
DA:393,0
DA:397,0
DA:404,0
DA:412,0
DA:427,0
DA:434,0
DA:436,0
DA:437,0
DA:439,0
DA:440,0
DA:442,0
DA:444,0
DA:446,0
DA:456,0
DA:458,0
DA:459,0
DA:462,0
DA:470,0
DA:471,0
DA:473,0
DA:475,0
DA:477,0
DA:478,0
DA:489,0
DA:501,0
DA:504,0
DA:507,0
DA:509,0
DA:511,0
DA:514,0
DA:515,0
DA:516,0
DA:518,0
DA:519,0
DA:520,0
DA:521,0
DA:522,0
DA:523,0
DA:530,0
DA:532,0
DA:535,0
DA:536,0
DA:539,0
DA:540,0
LF:189
LH:3
end_of_record
SF:lib/features/profile/auth_service.dart
DA:9,0
DA:10,0
DA:11,0
DA:19,0
DA:20,0
DA:33,0
DA:34,0
DA:35,0
DA:36,0
DA:37,0
DA:38,0
DA:42,0
DA:44,0
DA:45,0
DA:46,0
DA:49,0
DA:51,0
DA:60,0
DA:63,0
DA:66,0
DA:67,0
DA:71,0
DA:73,0
DA:74,0
DA:76,0
DA:78,0
DA:79,0
DA:80,0
DA:84,0
DA:87,0
DA:88,0
DA:92,0
DA:94,0
DA:98,0
DA:99,0
DA:100,0
DA:103,0
DA:106,0
DA:109,0
DA:110,0
DA:111,0
DA:112,0
DA:113,0
DA:114,0
DA:115,0
DA:116,0
DA:120,0
DA:124,0
DA:125,0
DA:126,0
DA:127,0
DA:131,0
DA:135,0
DA:139,0
DA:140,0
DA:141,0
DA:142,0
DA:145,0
DA:146,0
DA:147,0
DA:148,0
DA:149,0
DA:152,0
DA:155,0
DA:157,0
DA:159,0
DA:160,0
DA:161,0
DA:164,0
DA:167,0
DA:168,0
DA:169,0
DA:170,0
DA:171,0
DA:172,0
DA:173,0
DA:174,0
DA:175,0
DA:179,0
DA:187,0
DA:189,0
DA:199,0
DA:209,0
DA:217,0
DA:218,0
DA:219,0
DA:220,0
DA:221,0
DA:222,0
DA:223,0
DA:224,0
DA:227,0
DA:228,0
DA:229,0
DA:230,0
DA:231,0
DA:232,0
DA:233,0
DA:234,0
DA:235,0
LF:100
LH:0
end_of_record
SF:lib/l10n/app_localizations_bn.dart
DA:9,0
DA:11,0
DA:14,0
DA:17,0
DA:20,0
DA:23,0
DA:26,0
DA:29,0
DA:32,0
DA:35,0
DA:38,0
DA:42,0
DA:45,0
DA:48,0
DA:52,0
DA:55,0
DA:58,0
DA:61,0
DA:65,0
DA:68,0
DA:71,0
DA:74,0
DA:77,0
DA:80,0
DA:83,0
DA:86,0
DA:89,0
DA:92,0
DA:95,0
DA:98,0
DA:101,0
DA:104,0
DA:106,0
DA:109,0
DA:112,0
DA:115,0
DA:118,0
DA:121,0
DA:124,0
DA:127,0
DA:130,0
DA:133,0
DA:136,0
DA:139,0
DA:142,0
DA:145,0
DA:148,0
DA:151,0
DA:154,0
DA:157,0
DA:160,0
DA:163,0
DA:166,0
DA:169,0
DA:172,0
DA:175,0
DA:178,0
DA:181,0
DA:184,0
DA:187,0
DA:190,0
DA:194,0
DA:198,0
DA:201,0
DA:205,0
DA:208,0
DA:211,0
DA:214,0
DA:217,0
DA:220,0
DA:222,0
DA:225,0
DA:228,0
DA:231,0
DA:234,0
DA:236,0
DA:239,0
DA:242,0
DA:245,0
DA:248,0
DA:251,0
DA:254,0
DA:257,0
DA:260,0
DA:263,0
DA:266,0
DA:269,0
DA:272,0
DA:275,0
DA:278,0
DA:281,0
DA:284,0
DA:287,0
DA:290,0
DA:293,0
DA:295,0
DA:298,0
DA:301,0
DA:304,0
DA:307,0
DA:310,0
DA:313,0
DA:316,0
DA:319,0
DA:322,0
DA:325,0
DA:328,0
DA:331,0
DA:334,0
DA:337,0
DA:340,0
DA:343,0
DA:346,0
DA:349,0
DA:352,0
DA:355,0
DA:358,0
DA:361,0
DA:364,0
DA:367,0
DA:370,0
DA:373,0
DA:376,0
DA:379,0
DA:382,0
DA:385,0
DA:388,0
DA:391,0
DA:394,0
DA:397,0
DA:400,0
DA:403,0
DA:406,0
DA:409,0
DA:412,0
DA:415,0
DA:418,0
DA:421,0
DA:424,0
DA:427,0
DA:430,0
DA:433,0
DA:436,0
DA:439,0
DA:442,0
DA:445,0
DA:448,0
DA:451,0
DA:454,0
DA:457,0
DA:460,0
DA:463,0
DA:466,0
DA:469,0
DA:472,0
DA:475,0
DA:478,0
DA:481,0
DA:484,0
DA:487,0
DA:490,0
DA:493,0
DA:496,0
DA:499,0
DA:502,0
DA:505,0
DA:508,0
DA:511,0
DA:514,0
DA:517,0
DA:520,0
DA:523,0
DA:526,0
DA:529,0
DA:532,0
DA:535,0
DA:538,0
DA:541,0
DA:544,0
DA:547,0
DA:550,0
DA:553,0
DA:556,0
DA:559,0
DA:562,0
DA:564,0
DA:567,0
DA:570,0
DA:573,0
DA:576,0
DA:579,0
DA:582,0
DA:585,0
DA:588,0
DA:592,0
DA:595,0
DA:599,0
DA:602,0
DA:605,0
DA:609,0
DA:613,0
DA:615,0
DA:618,0
DA:621,0
DA:624,0
DA:627,0
DA:629,0
DA:632,0
DA:635,0
DA:638,0
DA:641,0
DA:644,0
DA:647,0
DA:650,0
DA:653,0
DA:656,0
DA:659,0
DA:662,0
DA:665,0
DA:668,0
DA:671,0
DA:674,0
DA:677,0
DA:680,0
DA:683,0
DA:686,0
DA:689,0
DA:692,0
DA:695,0
DA:699,0
DA:702,0
DA:705,0
DA:708,0
DA:711,0
DA:714,0
DA:717,0
DA:720,0
DA:723,0
DA:727,0
DA:730,0
DA:733,0
DA:736,0
DA:739,0
DA:742,0
DA:745,0
DA:747,0
DA:750,0
DA:752,0
DA:755,0
LF:249
LH:0
end_of_record
SF:lib/l10n/app_localizations_en.dart
DA:9,2
DA:11,0
DA:14,0
DA:17,0
DA:20,0
DA:23,0
DA:26,0
DA:29,0
DA:32,0
DA:35,0
DA:38,0
DA:41,0
DA:44,0
DA:47,0
DA:50,0
DA:53,0
DA:56,0
DA:59,0
DA:63,0
DA:66,0
DA:69,0
DA:72,0
DA:75,0
DA:78,0
DA:81,0
DA:84,0
DA:87,0
DA:90,0
DA:93,0
DA:96,0
DA:99,0
DA:102,0
DA:104,0
DA:107,0
DA:110,0
DA:113,0
DA:116,0
DA:119,0
DA:122,0
DA:125,0
DA:128,0
DA:131,0
DA:134,0
DA:137,0
DA:140,0
DA:143,0
DA:146,0
DA:149,0
DA:152,0
DA:155,0
DA:158,0
DA:161,0
DA:164,0
DA:167,0
DA:170,0
DA:173,0
DA:176,0
DA:179,0
DA:182,0
DA:185,0
DA:188,0
DA:191,0
DA:194,0
DA:197,0
DA:200,0
DA:203,0
DA:206,0
DA:209,0
DA:212,0
DA:215,0
DA:217,0
DA:220,0
DA:223,0
DA:226,0
DA:229,0
DA:231,0
DA:234,0
DA:237,0
DA:240,0
DA:243,0
DA:246,0
DA:249,0
DA:252,0
DA:255,0
DA:258,0
DA:261,0
DA:264,0
DA:267,0
DA:270,0
DA:273,0
DA:276,0
DA:279,0
DA:282,0
DA:285,0
DA:288,0
DA:290,0
DA:293,0
DA:296,0
DA:299,0
DA:302,0
DA:305,0
DA:308,0
DA:311,0
DA:314,0
DA:317,0
DA:320,0
DA:323,0
DA:326,0
DA:329,0
DA:332,0
DA:335,0
DA:338,0
DA:341,0
DA:344,0
DA:347,0
DA:350,0
DA:353,0
DA:356,0
DA:359,0
DA:362,0
DA:365,0
DA:368,0
DA:371,0
DA:374,0
DA:377,0
DA:380,0
DA:383,0
DA:386,0
DA:389,0
DA:392,0
DA:395,0
DA:398,0
DA:401,0
DA:404,0
DA:407,0
DA:410,0
DA:413,0
DA:416,0
DA:419,0
DA:422,0
DA:425,0
DA:428,0
DA:431,0
DA:434,0
DA:437,0
DA:440,0
DA:443,0
DA:446,0
DA:449,0
DA:452,0
DA:455,0
DA:458,0
DA:461,0
DA:464,0
DA:467,0
DA:470,0
DA:473,0
DA:476,0
DA:479,0
DA:482,0
DA:485,0
DA:488,0
DA:491,0
DA:494,0
DA:497,0
DA:500,0
DA:503,0
DA:506,0
DA:509,0
DA:512,0
DA:515,0
DA:518,0
DA:521,0
DA:524,0
DA:527,0
DA:530,0
DA:533,0
DA:536,0
DA:539,0
DA:542,0
DA:545,0
DA:548,0
DA:551,0
DA:554,0
DA:557,0
DA:559,0
DA:562,0
DA:565,0
DA:568,0
DA:571,0
DA:574,0
DA:577,0
DA:580,0
DA:583,0
DA:587,0
DA:590,0
DA:594,0
DA:597,0
DA:600,0
DA:604,0
DA:608,0
DA:610,0
DA:613,0
DA:616,0
DA:619,0
DA:622,0
DA:624,0
DA:627,0
DA:630,0
DA:633,0
DA:636,0
DA:639,0
DA:642,0
DA:645,0
DA:648,0
DA:651,0
DA:654,0
DA:657,0
DA:660,0
DA:663,0
DA:666,0
DA:669,0
DA:672,0
DA:675,0
DA:678,0
DA:681,0
DA:684,0
DA:687,0
DA:690,0
DA:693,0
DA:696,0
DA:699,0
DA:702,0
DA:705,0
DA:708,0
DA:711,0
DA:714,0
DA:717,0
DA:721,0
DA:724,0
DA:727,0
DA:730,0
DA:733,0
DA:736,0
DA:739,0
DA:741,0
DA:744,0
DA:746,0
DA:749,0
LF:249
LH:1
end_of_record
SF:lib/presentation/providers/shared_providers.dart
DA:6,0
DA:7,0
LF:2
LH:0
end_of_record
SF:lib/presentation/providers/language_providers.dart
DA:14,2
DA:17,0
DA:18,0
DA:21,0
DA:22,0
DA:23,0
DA:28,0
DA:29,0
DA:30,0
DA:35,0
DA:36,0
DA:37,0
DA:38,0
DA:41,0
DA:42,0
DA:44,0
DA:45,0
DA:46,0
DA:49,0
DA:52,0
DA:53,0
DA:54,0
DA:57,0
DA:58,0
DA:63,0
DA:64,0
DA:65,0
DA:66,0
DA:75,0
DA:76,0
DA:80,0
DA:81,0
DA:85,0
DA:86,0
LF:34
LH:1
end_of_record
SF:lib/features/news/widgets/newspaper_card.dart
DA:14,1
DA:28,1
DA:29,1
DA:36,0
DA:37,0
DA:38,0
DA:40,0
DA:42,0
DA:44,0
DA:46,0
DA:47,0
DA:49,0
DA:53,0
DA:56,0
DA:57,0
DA:58,0
DA:61,0
DA:62,0
DA:63,0
DA:64,0
DA:65,0
DA:69,1
DA:71,1
DA:73,3
DA:74,0
DA:75,0
DA:76,0
DA:77,0
DA:79,0
DA:80,0
DA:81,0
DA:83,0
DA:88,0
DA:89,0
DA:93,0
DA:94,0
DA:98,0
DA:99,0
DA:106,0
DA:107,0
DA:113,0
DA:114,0
DA:115,0
DA:116,0
DA:117,0
DA:118,0
DA:119,0
DA:121,0
DA:122,0
DA:123,0
DA:125,0
DA:126,0
DA:127,0
DA:130,0
DA:132,0
DA:133,0
DA:134,0
DA:136,0
DA:137,0
DA:138,0
DA:142,0
DA:144,0
DA:148,0
DA:150,0
DA:151,0
DA:154,0
DA:155,0
DA:156,0
DA:160,0
DA:161,0
DA:165,0
DA:166,0
DA:167,0
DA:169,0
DA:170,0
DA:171,0
DA:172,0
DA:173,0
DA:174,0
DA:177,0
DA:178,0
DA:179,0
DA:186,0
DA:195,0
DA:196,0
DA:198,0
DA:199,0
DA:201,0
DA:202,0
DA:203,0
DA:210,0
DA:211,0
DA:212,0
DA:213,0
DA:221,0
DA:226,0
DA:227,0
DA:228,0
DA:232,0
DA:233,0
DA:236,0
DA:241,0
DA:244,0
DA:246,0
DA:247,0
DA:248,0
DA:249,0
DA:253,0
DA:255,0
DA:258,0
DA:264,0
DA:266,0
DA:286,0
DA:287,0
DA:288,0
DA:289,0
DA:290,0
DA:293,0
LF:118
LH:6
end_of_record
SF:lib/features/extras/games/snake/engine/snake_engine.dart
DA:6,1
DA:23,1
DA:32,1
DA:33,1
DA:34,1
DA:35,1
DA:36,0
DA:37,1
DA:38,1
DA:39,1
DA:48,1
DA:49,1
DA:50,1
DA:65,2
DA:66,2
DA:67,1
DA:68,1
DA:69,1
DA:70,1
DA:72,1
DA:76,1
DA:77,2
DA:78,2
DA:79,1
DA:80,2
DA:81,2
DA:83,3
DA:84,1
DA:85,2
DA:86,2
DA:87,1
DA:88,1
DA:89,1
DA:93,1
DA:94,1
DA:98,5
DA:101,8
DA:106,1
DA:109,3
DA:110,2
DA:115,1
DA:116,1
DA:119,2
DA:120,3
DA:124,2
DA:125,1
DA:126,6
DA:127,6
DA:131,2
DA:132,1
DA:137,2
DA:138,2
DA:141,2
DA:143,0
DA:144,0
DA:147,2
DA:148,2
DA:155,1
DA:161,7
DA:162,1
DA:165,1
DA:167,0
DA:168,0
DA:169,0
DA:170,0
DA:171,0
DA:177,0
DA:180,2
DA:182,1
DA:186,1
DA:192,3
DA:193,2
DA:197,2
DA:200,2
DA:203,2
DA:206,1
DA:207,2
DA:208,3
LF:78
LH:69
end_of_record
